<?xml version="1.0" encoding="UTF-8"?>
<!-- Generated by org.testng.reporters.JUnitXMLReporter -->
<testsuite hostname="SST-LAP-LEN0034" name="Default test" tests="4" failures="0" timestamp="14 Oct 2019 10:17:38 GMT" time="0.066" errors="0">
  <testcase name="@BeforeClass setUp" time="0.0" classname="com.appbuilder.testcases.TC_CreatePlatformArtifact_003">
    <failure type="org.testng.TestNGException" message="
Parameter &amp;apos;browser&amp;apos; is required by @Configuration on method setUp but has not been marked @Optional or defined
in C:\Users\rsadhula\AppData\Local\Temp\testng-eclipse-2063926144\testng-customsuite.xml">
      <![CDATA[org.testng.TestNGException: 
Parameter 'browser' is required by @Configuration on method setUp but has not been marked @Optional or defined
in C:\Users\rsadhula\AppData\Local\Temp\testng-eclipse-2063926144\testng-customsuite.xml
	at org.testng.internal.Parameters.createParameters(Parameters.java:154)
	at org.testng.internal.Parameters.createParameters(Parameters.java:361)
	at org.testng.internal.Parameters.createConfigurationParameters(Parameters.java:84)
	at org.testng.internal.Invoker.invokeConfigurations(Invoker.java:201)
	at org.testng.internal.Invoker.invokeConfigurations(Invoker.java:142)
	at org.testng.internal.TestMethodWorker.invokeBeforeClassMethods(TestMethodWorker.java:178)
	at org.testng.internal.TestMethodWorker.run(TestMethodWorker.java:108)
	at org.testng.TestRunner.privateRun(TestRunner.java:782)
	at org.testng.TestRunner.run(TestRunner.java:632)
	at org.testng.SuiteRunner.runTest(SuiteRunner.java:366)
	at org.testng.SuiteRunner.runSequentially(SuiteRunner.java:361)
	at org.testng.SuiteRunner.privateRun(SuiteRunner.java:319)
	at org.testng.SuiteRunner.run(SuiteRunner.java:268)
	at org.testng.SuiteRunnerWorker.runSuite(SuiteRunnerWorker.java:52)
	at org.testng.SuiteRunnerWorker.run(SuiteRunnerWorker.java:86)
	at org.testng.TestNG.runSuitesSequentially(TestNG.java:1244)
	at org.testng.TestNG.runSuitesLocally(TestNG.java:1169)
	at org.testng.TestNG.run(TestNG.java:1064)
	at org.testng.remote.RemoteTestNG.run(RemoteTestNG.java:113)
	at org.testng.remote.RemoteTestNG.initAndRun(RemoteTestNG.java:206)
	at org.testng.remote.RemoteTestNG.main(RemoteTestNG.java:177)
]]>
    </failure>
  </testcase> <!-- @BeforeClass setUp -->
  <testcase name="@AfterClass tearDown" time="0.0" classname="com.appbuilder.testcases.TC_CreatePlatformArtifact_003">
    <skipped/>
  </testcase> <!-- @AfterClass tearDown -->
  <testcase name="loginToAppbuilder" time="0.008" classname="com.appbuilder.testcases.TC_CreatePlatformArtifact_003">
    <skipped/>
  </testcase> <!-- loginToAppbuilder -->
  <testcase name="CreatePlatformWithArtifact" time="0.004" classname="com.appbuilder.testcases.TC_CreatePlatformArtifact_003">
    <skipped/>
  </testcase> <!-- CreatePlatformWithArtifact -->
  <testcase name="launchPlatform" time="0.008" classname="com.appbuilder.testcases.TC_CreatePlatformArtifact_003">
    <skipped/>
  </testcase> <!-- launchPlatform -->
  <testcase name="destroyDeletePlatform" time="0.003" classname="com.appbuilder.testcases.TC_CreatePlatformArtifact_003">
    <skipped/>
  </testcase> <!-- destroyDeletePlatform -->
</testsuite> <!-- Default test -->
