<?xml version="1.0" encoding="UTF-8"?>
<!-- Generated by org.testng.reporters.JUnitXMLReporter -->
<testsuite hostname="SST-LAP-LEN0034" name="LoginTest" tests="4" failures="0" timestamp="23 Sep 2019 17:11:46 GMT" time="65.237" errors="0">
  <testcase name="@BeforeClass setUp" time="0.0" classname="com.appbuilder.testcases.TC_CreateRDSPlatformLaunch_006">
    <failure type="org.openqa.selenium.TimeoutException" message="timeout
  (Session info: chrome=76.0.3809.132)
Build info: version: &amp;apos;3.14.0&amp;apos;, revision: &amp;apos;aacccce0&amp;apos;, time: &amp;apos;2018-08-02T20:19:58.91Z&amp;apos;
System info: host: &amp;apos;SST-LAP-LEN0034&amp;apos;, ip: &amp;apos;10.161.234.110&amp;apos;, os.name: &amp;apos;Windows 10&amp;apos;, os.arch: &amp;apos;amd64&amp;apos;, os.version: &amp;apos;10.0&amp;apos;, java.version: &amp;apos;1.8.0_211&amp;apos;
Driver info: org.openqa.selenium.chrome.ChromeDriver
Capabilities {acceptInsecureCerts: false, browserName: chrome, browserVersion: 76.0.3809.132, chrome: {chromedriverVersion: 76.0.3809.68 (420c9498db8ce..., userDataDir: C:\Users\rsadhula\AppData\L...}, goog:chromeOptions: {debuggerAddress: localhost:51110}, javascriptEnabled: true, networkConnectionEnabled: false, pageLoadStrategy: normal, platform: XP, platformName: XP, proxy: Proxy(), setWindowRect: true, strictFileInteractability: false, timeouts: {implicit: 0, pageLoad: 300000, script: 30000}, unhandledPromptBehavior: dismiss and notify}
Session ID: 6c03e30656ca0f8afed4ccbec604150b">
      <![CDATA[org.openqa.selenium.TimeoutException: timeout
  (Session info: chrome=76.0.3809.132)
Build info: version: '3.14.0', revision: 'aacccce0', time: '2018-08-02T20:19:58.91Z'
System info: host: 'SST-LAP-LEN0034', ip: '10.161.234.110', os.name: 'Windows 10', os.arch: 'amd64', os.version: '10.0', java.version: '1.8.0_211'
Driver info: org.openqa.selenium.chrome.ChromeDriver
Capabilities {acceptInsecureCerts: false, browserName: chrome, browserVersion: 76.0.3809.132, chrome: {chromedriverVersion: 76.0.3809.68 (420c9498db8ce..., userDataDir: C:\Users\rsadhula\AppData\L...}, goog:chromeOptions: {debuggerAddress: localhost:51110}, javascriptEnabled: true, networkConnectionEnabled: false, pageLoadStrategy: normal, platform: XP, platformName: XP, proxy: Proxy(), setWindowRect: true, strictFileInteractability: false, timeouts: {implicit: 0, pageLoad: 300000, script: 30000}, unhandledPromptBehavior: dismiss and notify}
Session ID: 6c03e30656ca0f8afed4ccbec604150b
	at org.openqa.selenium.remote.http.W3CHttpResponseCodec.createException(W3CHttpResponseCodec.java:187)
	at org.openqa.selenium.remote.http.W3CHttpResponseCodec.decode(W3CHttpResponseCodec.java:122)
	at org.openqa.selenium.remote.http.W3CHttpResponseCodec.decode(W3CHttpResponseCodec.java:49)
	at org.openqa.selenium.remote.HttpCommandExecutor.execute(HttpCommandExecutor.java:158)
	at org.openqa.selenium.remote.service.DriverCommandExecutor.execute(DriverCommandExecutor.java:83)
	at org.openqa.selenium.remote.RemoteWebDriver.execute(RemoteWebDriver.java:548)
	at org.openqa.selenium.remote.RemoteWebDriver.get(RemoteWebDriver.java:276)
	at com.appbuilder.base.BaseClass.setUp(BaseClass.java:68)
... Removed 28 stack frames]]>
    </failure>
  </testcase> <!-- @BeforeClass setUp -->
  <testcase name="@AfterClass tearDown" time="0.0" classname="com.appbuilder.testcases.TC_CreateRDSPlatformLaunch_006">
    <skipped/>
  </testcase> <!-- @AfterClass tearDown -->
  <testcase name="loginToAppbuilder" time="0.0" classname="com.appbuilder.testcases.TC_CreateRDSPlatformLaunch_006">
    <skipped/>
  </testcase> <!-- loginToAppbuilder -->
  <testcase name="createPlatformRDS" time="0.0" classname="com.appbuilder.testcases.TC_CreateRDSPlatformLaunch_006">
    <skipped/>
  </testcase> <!-- createPlatformRDS -->
  <testcase name="launchPlatform" time="0.0" classname="com.appbuilder.testcases.TC_CreateRDSPlatformLaunch_006">
    <skipped/>
  </testcase> <!-- launchPlatform -->
  <testcase name="destroyDeletePlatform" time="0.003" classname="com.appbuilder.testcases.TC_CreateRDSPlatformLaunch_006">
    <skipped/>
  </testcase> <!-- destroyDeletePlatform -->
</testsuite> <!-- LoginTest -->
